<?xml version="1.0" encoding="UTF-8"?>
<testng-results skipped="0" failed="0" ignored="0" total="2" passed="2">
  <reporter-output>
  </reporter-output>
  <suite name="Suite" duration-ms="40984" started-at="2022-01-08T21:07:52 IST" finished-at="2022-01-08T21:08:33 IST">
    <groups>
    </groups>
    <test name="Test" duration-ms="40984" started-at="2022-01-08T21:07:52 IST" finished-at="2022-01-08T21:08:33 IST">
      <class name="TestCases.TC_loginpageTest">
        <test-method status="PASS" signature="setup(java.lang.String)[pri:0, instance:TestCases.TC_loginpageTest@d48653]" name="setup" is-config="true" duration-ms="11698" started-at="2022-01-08T21:07:52 IST" finished-at="2022-01-08T21:08:04 IST">
          <params>
            <param index="0">
              <value>
                <![CDATA[chrome]]>
              </value>
            </param>
          </params>
          <reporter-output>
          </reporter-output>
        </test-method> <!-- setup -->
        <test-method status="PASS" signature="login()[pri:0, instance:TestCases.TC_loginpageTest@d48653]" name="login" duration-ms="3445" started-at="2022-01-08T21:08:04 IST" finished-at="2022-01-08T21:08:07 IST">
          <reporter-output>
          </reporter-output>
        </test-method> <!-- login -->
        <test-method status="PASS" signature="teardown()[pri:0, instance:TestCases.TC_loginpageTest@d48653]" name="teardown" is-config="true" duration-ms="833" started-at="2022-01-08T21:08:07 IST" finished-at="2022-01-08T21:08:08 IST">
          <reporter-output>
          </reporter-output>
        </test-method> <!-- teardown -->
      </class> <!-- TestCases.TC_loginpageTest -->
      <class name="TestCases.TC_AddCustomerTest">
        <test-method status="PASS" signature="setup(java.lang.String)[pri:0, instance:TestCases.TC_AddCustomerTest@3dc82c]" name="setup" is-config="true" duration-ms="8213" started-at="2022-01-08T21:08:08 IST" finished-at="2022-01-08T21:08:16 IST">
          <params>
            <param index="0">
              <value>
                <![CDATA[chrome]]>
              </value>
            </param>
          </params>
          <reporter-output>
          </reporter-output>
        </test-method> <!-- setup -->
        <test-method status="PASS" signature="addCustomer()[pri:0, instance:TestCases.TC_AddCustomerTest@3dc82c]" name="addCustomer" duration-ms="15935" started-at="2022-01-08T21:08:16 IST" finished-at="2022-01-08T21:08:32 IST">
          <reporter-output>
          </reporter-output>
        </test-method> <!-- addCustomer -->
        <test-method status="PASS" signature="teardown()[pri:0, instance:TestCases.TC_AddCustomerTest@3dc82c]" name="teardown" is-config="true" duration-ms="796" started-at="2022-01-08T21:08:32 IST" finished-at="2022-01-08T21:08:33 IST">
          <reporter-output>
          </reporter-output>
        </test-method> <!-- teardown -->
      </class> <!-- TestCases.TC_AddCustomerTest -->
    </test> <!-- Test -->
  </suite> <!-- Suite -->
</testng-results>
