<?xml version="1.0" encoding="UTF-8"?>
<testng-results ignored="0" total="1" passed="1" failed="0" skipped="0">
  <reporter-output>
  </reporter-output>
  <suite started-at="2022-01-09T21:46:25 IST" name="Suite" finished-at="2022-01-09T21:46:50 IST" duration-ms="25781">
    <groups>
    </groups>
    <test started-at="2022-01-09T21:46:25 IST" name="Test" finished-at="2022-01-09T21:46:50 IST" duration-ms="25781">
      <class name="TestCases.TC_AddCustomerTest">
        <test-method is-config="true" signature="setup(java.lang.String)[pri:0, instance:TestCases.TC_AddCustomerTest@51abf713]" started-at="2022-01-09T21:46:25 IST" name="setup" finished-at="2022-01-09T21:46:35 IST" duration-ms="10244" status="PASS">
          <params>
            <param index="0">
              <value>
                <![CDATA[chrome]]>
              </value>
            </param>
          </params>
          <reporter-output>
          </reporter-output>
        </test-method> <!-- setup -->
        <test-method signature="addCustomer()[pri:0, instance:TestCases.TC_AddCustomerTest@51abf713]" started-at="2022-01-09T21:46:35 IST" name="addCustomer" finished-at="2022-01-09T21:46:50 IST" duration-ms="15049" status="PASS">
          <reporter-output>
          </reporter-output>
        </test-method> <!-- addCustomer -->
        <test-method is-config="true" signature="teardown()[pri:0, instance:TestCases.TC_AddCustomerTest@51abf713]" started-at="2022-01-09T21:46:50 IST" name="teardown" finished-at="2022-01-09T21:46:50 IST" duration-ms="416" status="PASS">
          <reporter-output>
          </reporter-output>
        </test-method> <!-- teardown -->
      </class> <!-- TestCases.TC_AddCustomerTest -->
    </test> <!-- Test -->
  </suite> <!-- Suite -->
</testng-results>
